
[2024/11/23 19:48:12.884]x64info: error display mode: d

[2024/11/23 19:48:12.885]x64info: error display mode: d

[2024/11/23 19:48:12.885]x64info: error display mode: d

[2024/11/23 19:48:12.885]x64info: error display mode: d

[2024/11/23 19:48:12.886]x64info: error display mode: d

[2024/11/23 19:48:12.886]x64info: error display mode: d

[2024/11/23 19:48:12.886]x64info: error display mode: d

[2024/11/23 19:48:12.887]x64info: error display mode: d

[2024/11/23 19:48:12.888]x64info: error display mode: x

[2024/11/23 19:48:12.888]x64info: error display mode: x

[2024/11/23 19:48:12.889]x64info: error display mode: x

[2024/11/23 19:48:12.889]x64info: error display mode: x

[2024/11/23 19:48:12.889]x64info: error display mode: x

[2024/11/23 19:48:12.890]x64info: error display mode: x

[2024/11/23 19:48:12.890]x64info: error display mode: x

[2024/11/23 19:48:12.890]x64info: error display mode: x

[2024/11/23 19:48:12.890]x64info: error display mode: .

[2024/11/23 19:48:12.891]x64info: error display mode: .

[2024/11/23 19:48:12.891]x64info: error display mode: .

[2024/11/23 19:48:12.891]x64info: error display mode: .

[2024/11/23 19:48:12.892]x64info: error display mode: .

[2024/11/23 19:48:12.892]x64info: error display mode: .

[2024/11/23 19:48:12.892]x64info: error display mode: .

[2024/11/23 19:48:12.893]x64info: error display mode: .

[2024/11/23 19:48:12.893]x64info: error display mode: d

[2024/11/23 19:48:12.893]x64info: error display mode: d

[2024/11/23 19:48:12.894]x64info: error display mode: d

[2024/11/23 19:48:12.894]x64info: error display mode: d

[2024/11/23 19:48:12.894]x64info: error display mode: d

[2024/11/23 19:48:12.894]x64info: error display mode: d

[2024/11/23 19:48:12.895]x64info: error display mode: d

[2024/11/23 19:48:12.895]x64info: error display mode: d

[2024/11/23 19:48:12.895]x64info: error display mode: 3

[2024/11/23 19:48:12.896]x64info: error display mode: 3

[2024/11/23 19:48:12.896]x64info: error display mode: 3

[2024/11/23 19:48:12.896]x64info: error display mode: 3

[2024/11/23 19:48:12.896]x64info: error display mode: 3

[2024/11/23 19:48:12.897]x64info: error display mode: 3

[2024/11/23 19:48:12.897]x64info: error display mode: 3

[2024/11/23 19:48:12.897]x64info: error display mode: 3

[2024/11/23 19:48:12.898]x64info: error display mode: d

[2024/11/23 19:48:12.898]x64info: error display mode: d

[2024/11/23 19:48:12.898]x64info: error display mode: d

[2024/11/23 19:48:12.899]x64info: error display mode: d

[2024/11/23 19:48:12.899]x64info: error display mode: d

[2024/11/23 19:48:12.899]x64info: error display mode: d

[2024/11/23 19:48:12.900]x64info: error display mode: d

[2024/11/23 19:48:12.900]x64info: error display mode: d

[2024/11/23 19:48:12.900]x64info: error display mode: 1

[2024/11/23 19:48:12.900]x64info: error display mode: 1

[2024/11/23 19:48:12.901]x64info: error display mode: 1

[2024/11/23 19:48:12.901]x64info: error display mode: 1

[2024/11/23 19:48:12.901]x64info: error display mode: 1

[2024/11/23 19:48:12.901]x64info: error display mode: 1

[2024/11/23 19:48:12.901]x64info: error display mode: 1

[2024/11/23 19:48:12.903]x64info: error display mode: 1

[2024/11/23 19:48:12.904]x64info: error display mode: 2

[2024/11/23 19:48:12.904]x64info: error display mode: 2

[2024/11/23 19:48:12.905]x64info: error display mode: 2

[2024/11/23 19:48:12.905]x64info: error display mode: 2

[2024/11/23 19:48:12.906]x64info: error display mode: 2

[2024/11/23 19:48:12.907]x64info: error display mode: 2

[2024/11/23 19:48:12.907]x64info: error display mode: 2

[2024/11/23 19:48:12.907]x64info: error display mode: 2

[2024/11/23 19:50:13.831]x64info: error display mode: d

[2024/11/23 19:50:13.831]x64info: error display mode: d

[2024/11/23 19:50:13.833]x64info: error display mode: d

[2024/11/23 19:50:13.833]x64info: error display mode: d

[2024/11/23 19:50:13.834]x64info: error display mode: d

[2024/11/23 19:50:13.834]x64info: error display mode: d

[2024/11/23 19:50:13.835]x64info: error display mode: d

[2024/11/23 19:50:13.835]x64info: error display mode: d

[2024/11/23 19:50:13.835]x64info: error display mode: x

[2024/11/23 19:50:13.835]x64info: error display mode: x

[2024/11/23 19:50:13.836]x64info: error display mode: x

[2024/11/23 19:50:13.836]x64info: error display mode: x

[2024/11/23 19:50:13.836]x64info: error display mode: x

[2024/11/23 19:50:13.837]x64info: error display mode: x

[2024/11/23 19:50:13.837]x64info: error display mode: x

[2024/11/23 19:50:13.837]x64info: error display mode: x

[2024/11/23 19:50:13.837]x64info: error display mode: 2

[2024/11/23 19:50:13.838]x64info: error display mode: 2

[2024/11/23 19:50:13.838]x64info: error display mode: 2

[2024/11/23 19:50:13.838]x64info: error display mode: 2

[2024/11/23 19:50:13.839]x64info: error display mode: 2

[2024/11/23 19:50:13.839]x64info: error display mode: 2

[2024/11/23 19:50:13.839]x64info: error display mode: 2

[2024/11/23 19:50:13.839]x64info: error display mode: 2

[2024/11/23 19:50:34.218]x64info: error display mode: d

[2024/11/23 19:50:34.218]x64info: error display mode: d

[2024/11/23 19:50:34.218]x64info: error display mode: d

[2024/11/23 19:50:34.219]x64info: error display mode: d

[2024/11/23 19:50:34.219]x64info: error display mode: d

[2024/11/23 19:50:34.220]x64info: error display mode: d

[2024/11/23 19:50:34.220]x64info: error display mode: d

[2024/11/23 19:50:34.220]x64info: error display mode: d

[2024/11/23 19:50:34.221]x64info: error display mode: x

[2024/11/23 19:50:34.221]x64info: error display mode: x

[2024/11/23 19:50:34.222]x64info: error display mode: x

[2024/11/23 19:50:34.223]x64info: error display mode: x

[2024/11/23 19:50:34.223]x64info: error display mode: x

[2024/11/23 19:50:34.223]x64info: error display mode: x

[2024/11/23 19:50:34.223]x64info: error display mode: x

[2024/11/23 19:50:34.223]x64info: error display mode: x

[2024/11/23 19:50:34.224]x64info: error display mode: 2

[2024/11/23 19:50:34.224]x64info: error display mode: 2

[2024/11/23 19:50:34.224]x64info: error display mode: 2

[2024/11/23 19:50:34.225]x64info: error display mode: 2

[2024/11/23 19:50:34.225]x64info: error display mode: 2

[2024/11/23 19:50:34.226]x64info: error display mode: 2

[2024/11/23 19:50:34.226]x64info: error display mode: 2

[2024/11/23 19:50:34.226]x64info: error display mode: 2

[2024/11/23 19:51:41.252]x64info: invalid rectangle:0 0 0 0

[2024/11/23 19:51:44.337]x64info: invalid rectangle:0 0 0 0

[2024/11/23 19:51:46.667]x64info: invalid rectangle:0 0 0 0

[2024/11/23 19:51:48.963]x64info: invalid rectangle:0 0 0 0

[2024/11/23 19:51:49.995]x64info: create instance error!

[2024/11/23 19:51:49.996]x64info: create instance error!

[2024/11/23 19:51:49.996]x64info: create instance error!

[2024/11/23 19:51:49.997]x64info: create instance error!

[2024/11/23 19:51:51.264]x64info: invalid rectangle:0 0 0 0

[2024/11/23 19:51:53.577]x64info: invalid rectangle:0 0 0 0

[2024/11/23 19:51:55.890]x64info: invalid rectangle:0 0 0 0

[2024/11/23 19:51:58.207]x64info: invalid rectangle:0 0 0 0

[2024/11/23 19:51:59.236]x64info: create instance error!

[2024/11/23 19:51:59.237]x64info: create instance error!

[2024/11/23 19:51:59.237]x64info: create instance error!

[2024/11/23 19:51:59.238]x64info: create instance error!

[2024/11/23 19:52:26.478]x64info: invalid rectangle:0 0 0 0

[2024/11/23 19:52:28.779]x64info: invalid rectangle:0 0 0 0

[2024/11/23 19:52:31.091]x64info: invalid rectangle:0 0 0 0

[2024/11/23 19:52:32.127]x64info: create instance error!

[2024/11/23 19:52:32.128]x64info: create instance error!

[2024/11/23 19:52:32.128]x64info: create instance error!

[2024/11/23 19:52:32.129]x64info: create instance error!

[2024/11/23 19:52:33.405]x64info: invalid rectangle:0 0 0 0

[2024/11/23 19:52:35.716]x64info: invalid rectangle:0 0 0 0

[2024/11/23 19:52:38.028]x64info: invalid rectangle:0 0 0 0

[2024/11/23 19:52:40.391]x64info: invalid rectangle:0 0 0 0

[2024/11/23 19:52:41.435]x64info: create instance error!

[2024/11/23 19:52:41.435]x64info: create instance error!

[2024/11/23 19:52:41.436]x64info: create instance error!

[2024/11/23 19:52:41.436]x64info: create instance error!

[2024/11/23 19:55:08.529]x64info: invalid rectangle:0 0 0 0

[2024/11/23 19:55:10.852]x64info: invalid rectangle:0 0 0 0

[2024/11/23 19:55:13.160]x64info: invalid rectangle:0 0 0 0

[2024/11/23 19:55:14.190]x64info: create instance error!

[2024/11/23 19:55:14.191]x64info: create instance error!

[2024/11/23 19:55:14.191]x64info: create instance error!

[2024/11/23 19:55:14.192]x64info: create instance error!

[2024/11/23 19:55:15.489]x64info: invalid rectangle:0 0 0 0

[2024/11/23 19:55:17.798]x64info: invalid rectangle:0 0 0 0

[2024/11/23 19:55:20.095]x64info: invalid rectangle:0 0 0 0

[2024/11/23 19:55:22.408]x64info: invalid rectangle:0 0 0 0

[2024/11/23 19:55:23.459]x64info: create instance error!

[2024/11/23 19:55:23.460]x64info: create instance error!

[2024/11/23 19:55:23.461]x64info: create instance error!

[2024/11/23 19:55:23.461]x64info: create instance error!

[2024/11/23 19:55:24.870]x64info: invalid rectangle:0 0 0 0

[2024/11/23 19:55:27.304]x64info: invalid rectangle:0 0 0 0

[2024/11/23 19:55:29.711]x64info: invalid rectangle:0 0 0 0

[2024/11/23 19:55:32.111]x64info: invalid rectangle:0 0 0 0

[2024/11/23 19:55:33.143]x64info: create instance error!

[2024/11/23 19:55:33.143]x64info: create instance error!

[2024/11/23 19:55:33.144]x64info: create instance error!

[2024/11/23 19:55:33.144]x64info: create instance error!

[2024/11/23 19:55:33.144]x64info: error display mode: normal.wgc

[2024/11/23 19:55:33.145]x64info: error display mode: normal.wgc

[2024/11/23 19:55:33.145]x64info: error display mode: normal.wgc

[2024/11/23 19:55:33.146]x64info: error display mode: normal.wgc

[2024/11/23 19:55:33.146]x64info: error display mode: normal.wgc

[2024/11/23 19:55:33.146]x64info: error display mode: normal.wgc

[2024/11/23 19:55:33.147]x64info: error display mode: normal.wgc

[2024/11/23 19:55:33.147]x64info: error display mode: normal.wgc

[2024/11/23 19:55:34.420]x64info: invalid rectangle:0 0 0 0

[2024/11/23 19:55:36.736]x64info: invalid rectangle:0 0 0 0

[2024/11/23 19:55:39.044]x64info: invalid rectangle:0 0 0 0

[2024/11/23 19:55:41.376]x64info: invalid rectangle:0 0 0 0

[2024/11/23 19:55:42.416]x64info: create instance error!

[2024/11/23 19:55:42.417]x64info: create instance error!

[2024/11/23 19:55:42.417]x64info: create instance error!

[2024/11/23 19:55:42.417]x64info: create instance error!

[2024/11/23 19:55:43.701]x64info: invalid rectangle:0 0 0 0

[2024/11/23 19:55:46.029]x64info: invalid rectangle:0 0 0 0

[2024/11/23 19:55:48.352]x64info: invalid rectangle:0 0 0 0

[2024/11/23 19:55:50.661]x64info: invalid rectangle:0 0 0 0

[2024/11/23 19:55:51.701]x64info: create instance error!

[2024/11/23 19:55:51.702]x64info: create instance error!

[2024/11/23 19:55:51.702]x64info: create instance error!

[2024/11/23 19:55:51.703]x64info: create instance error!

[2024/11/23 20:05:32.930]x64info: create instance error!

[2024/11/23 20:05:32.933]x64info: create instance error!

[2024/11/23 20:05:32.933]x64info: create instance error!

[2024/11/23 20:05:32.933]x64info: create instance error!

[2024/11/23 20:05:34.437]x64info: invalid rectangle:0 0 0 0

[2024/11/23 20:05:36.969]x64info: invalid rectangle:0 0 0 0

[2024/11/23 20:05:39.493]x64info: invalid rectangle:0 0 0 0

[2024/11/23 20:05:42.033]x64info: invalid rectangle:0 0 0 0

[2024/11/23 20:05:43.082]x64info: create instance error!

[2024/11/23 20:05:43.083]x64info: create instance error!

[2024/11/23 20:05:43.083]x64info: create instance error!

[2024/11/23 20:05:43.084]x64info: create instance error!

[2024/11/23 20:05:44.608]x64info: invalid rectangle:0 0 0 0

[2024/11/23 20:05:47.123]x64info: invalid rectangle:0 0 0 0

[2024/11/23 20:05:49.656]x64info: invalid rectangle:0 0 0 0

[2024/11/23 20:05:52.187]x64info: invalid rectangle:0 0 0 0

[2024/11/23 20:05:53.227]x64info: create instance error!

[2024/11/23 20:05:53.228]x64info: create instance error!

[2024/11/23 20:05:53.228]x64info: create instance error!

[2024/11/23 20:05:53.229]x64info: create instance error!

[2024/11/23 20:05:54.741]x64info: invalid rectangle:0 0 0 0

[2024/11/23 20:05:57.265]x64info: invalid rectangle:0 0 0 0

[2024/11/23 20:05:59.815]x64info: invalid rectangle:0 0 0 0

[2024/11/23 20:06:02.343]x64info: invalid rectangle:0 0 0 0

[2024/11/23 20:06:03.371]x64info: create instance error!

[2024/11/23 20:06:03.372]x64info: create instance error!

[2024/11/23 20:06:03.372]x64info: create instance error!

[2024/11/23 20:06:03.372]x64info: create instance error!

[2024/11/23 20:07:28.569]x64info: invalid rectangle:0 0 0 0

[2024/11/23 20:07:31.783]x64info: invalid rectangle:0 0 0 0

[2024/11/23 20:07:34.363]x64info: invalid rectangle:0 0 0 0

[2024/11/23 20:07:37.075]x64info: invalid rectangle:0 0 0 0

[2024/11/23 20:07:38.132]x64info: create instance error!

[2024/11/23 20:07:38.133]x64info: create instance error!

[2024/11/23 20:07:38.133]x64info: create instance error!

[2024/11/23 20:07:38.133]x64info: create instance error!

[2024/11/23 20:07:39.633]x64info: invalid rectangle:0 0 0 0

[2024/11/23 20:07:42.214]x64info: invalid rectangle:0 0 0 0

[2024/11/23 20:07:44.773]x64info: invalid rectangle:0 0 0 0

[2024/11/23 20:07:47.316]x64info: invalid rectangle:0 0 0 0

[2024/11/23 20:07:48.379]x64info: create instance error!

[2024/11/23 20:07:48.380]x64info: create instance error!

[2024/11/23 20:07:48.380]x64info: create instance error!

[2024/11/23 20:07:48.381]x64info: create instance error!

[2024/11/23 20:07:49.876]x64info: invalid rectangle:0 0 0 0

[2024/11/23 20:07:52.420]x64info: invalid rectangle:0 0 0 0

[2024/11/23 20:07:54.954]x64info: invalid rectangle:0 0 0 0

[2024/11/23 20:07:57.496]x64info: invalid rectangle:0 0 0 0

[2024/11/23 20:07:58.528]x64info: create instance error!

[2024/11/23 20:07:58.529]x64info: create instance error!

[2024/11/23 20:07:58.530]x64info: create instance error!

[2024/11/23 20:07:58.530]x64info: create instance error!

[2024/11/23 20:08:00.026]x64info: invalid rectangle:0 0 0 0

[2024/11/23 20:08:02.588]x64info: invalid rectangle:0 0 0 0

[2024/11/23 20:08:05.126]x64info: invalid rectangle:0 0 0 0

[2024/11/23 20:08:07.701]x64info: invalid rectangle:0 0 0 0

[2024/11/23 20:08:08.731]x64info: create instance error!

[2024/11/23 20:08:08.731]x64info: create instance error!

[2024/11/23 20:08:08.733]x64info: create instance error!

[2024/11/23 20:08:08.733]x64info: create instance error!

[2024/11/23 20:09:13.056]x64info: create instance error!

[2024/11/23 20:09:13.057]x64info: create instance error!

[2024/11/23 20:09:13.057]x64info: create instance error!

[2024/11/23 20:09:13.057]x64info: create instance error!

[2024/11/23 20:09:42.955]x64info: invalid rectangle:0 0 0 0

[2024/11/23 20:09:45.505]x64info: invalid rectangle:0 0 0 0

[2024/11/23 20:09:48.055]x64info: invalid rectangle:0 0 0 0

[2024/11/23 20:09:49.084]x64info: create instance error!

[2024/11/23 20:09:49.084]x64info: create instance error!

[2024/11/23 20:09:49.085]x64info: create instance error!

[2024/11/23 20:09:49.085]x64info: create instance error!

[2024/11/23 20:09:50.594]x64info: invalid rectangle:0 0 0 0

[2024/11/23 20:09:53.143]x64info: invalid rectangle:0 0 0 0

[2024/11/23 20:09:55.756]x64info: invalid rectangle:0 0 0 0

[2024/11/23 20:09:58.289]x64info: invalid rectangle:0 0 0 0

[2024/11/23 20:09:59.317]x64info: create instance error!

[2024/11/23 20:09:59.318]x64info: create instance error!

[2024/11/23 20:09:59.319]x64info: create instance error!

[2024/11/23 20:09:59.319]x64info: create instance error!

[2024/11/23 20:10:00.826]x64info: invalid rectangle:0 0 0 0

[2024/11/23 20:10:03.380]x64info: invalid rectangle:0 0 0 0

[2024/11/23 20:10:05.954]x64info: invalid rectangle:0 0 0 0

[2024/11/23 20:10:08.633]x64info: invalid rectangle:0 0 0 0

[2024/11/23 20:10:09.676]x64info: create instance error!

[2024/11/23 20:10:09.677]x64info: create instance error!

[2024/11/23 20:10:09.677]x64info: create instance error!

[2024/11/23 20:10:09.678]x64info: create instance error!

[2024/11/23 20:18:40.972]x64info: invalid rectangle:0 0 0 0

[2024/11/23 20:18:44.653]x64info: invalid rectangle:0 0 0 0

[2024/11/23 20:18:48.210]x64info: invalid rectangle:0 0 0 0

[2024/11/23 20:18:49.234]x64info: create instance error!

[2024/11/23 20:18:49.234]x64info: create instance error!

[2024/11/23 20:18:49.235]x64info: create instance error!

[2024/11/23 20:18:49.235]x64info: create instance error!

[2024/11/23 20:18:51.750]x64info: invalid rectangle:0 0 0 0

[2024/11/23 20:18:55.327]x64info: invalid rectangle:0 0 0 0

[2024/11/23 20:18:58.913]x64info: invalid rectangle:0 0 0 0

[2024/11/23 20:19:02.474]x64info: invalid rectangle:0 0 0 0

[2024/11/23 20:19:03.501]x64info: create instance error!

[2024/11/23 20:19:03.502]x64info: create instance error!

[2024/11/23 20:19:03.502]x64info: create instance error!

[2024/11/23 20:19:03.502]x64info: create instance error!

[2024/11/23 20:19:06.036]x64info: invalid rectangle:0 0 0 0

[2024/11/23 20:19:09.626]x64info: invalid rectangle:0 0 0 0

[2024/11/23 20:19:13.203]x64info: invalid rectangle:0 0 0 0

[2024/11/23 20:19:16.752]x64info: invalid rectangle:0 0 0 0

[2024/11/23 20:19:17.783]x64info: create instance error!

[2024/11/23 20:19:17.784]x64info: create instance error!

[2024/11/23 20:19:17.784]x64info: create instance error!

[2024/11/23 20:19:17.784]x64info: create instance error!

[2024/11/23 20:19:20.314]x64info: invalid rectangle:0 0 0 0

[2024/11/23 20:19:23.928]x64info: invalid rectangle:0 0 0 0

[2024/11/23 20:19:27.510]x64info: invalid rectangle:0 0 0 0

[2024/11/23 20:19:31.101]x64info: invalid rectangle:0 0 0 0

[2024/11/23 20:19:32.123]x64info: create instance error!

[2024/11/23 20:19:32.124]x64info: create instance error!

[2024/11/23 20:19:32.124]x64info: create instance error!

[2024/11/23 20:19:32.125]x64info: create instance error!

[2024/11/23 20:22:38.625]x64info: invalid rectangle:0 0 0 0

[2024/11/23 20:47:30.059]x64info: invalid rectangle:0 0 0 0

[2024/11/23 20:48:09.019]x64info: invalid rectangle:0 0 0 0

[2024/11/23 20:58:06.733]x64info: invalid rectangle:0 0 0 0

[2024/11/23 21:34:23.337]x64info: invalid rectangle:-36572 -36571 -36572 -36571

[2024/11/23 21:34:23.746]x64info: invalid rectangle:-36572 -36571 -36572 -36571

[2024/11/23 21:34:28.720]x64info: invalid rectangle:-36572 -36571 -36572 -36571

[2024/11/23 21:37:53.959]x64info: invalid rectangle:0 0 0 0

[2024/11/23 21:49:53.283]x64info: invalid rectangle:-1 -1 -1 -1

[2024/11/23 21:49:53.700]x64info: invalid rectangle:-1 -1 -1 -1

[2024/11/23 21:49:58.605]x64info: invalid rectangle:-1 -1 -1 -1

[2024/11/23 21:50:47.658]x64info: invalid rectangle:-1 -1 -1 -1

[2024/11/23 21:50:48.064]x64info: invalid rectangle:-1 -1 -1 -1

[2024/11/23 21:50:53.009]x64info: invalid rectangle:-1 -1 -1 -1

[2024/11/23 21:51:58.610]x64info: invalid rectangle:-1 -1 -1 -1

[2024/11/23 21:51:59.014]x64info: invalid rectangle:-1 -1 -1 -1

[2024/11/23 21:52:03.988]x64info: invalid rectangle:-1 -1 -1 -1

[2024/11/23 21:52:05.172]x64info: invalid rectangle:-1 -1 -1 -1

[2024/11/23 21:52:05.587]x64info: invalid rectangle:-1 -1 -1 -1

[2024/11/23 21:52:10.202]x64info: invalid rectangle:-1 -1 -1 -1

[2024/11/23 21:52:11.258]x64info: invalid rectangle:-1 -1 -1 -1

[2024/11/23 21:52:11.675]x64info: invalid rectangle:-1 -1 -1 -1

[2024/11/23 21:52:16.336]x64info: invalid rectangle:-1 -1 -1 -1

[2024/11/23 21:52:17.397]x64info: invalid rectangle:-1 -1 -1 -1

[2024/11/23 21:52:17.802]x64info: invalid rectangle:-1 -1 -1 -1

[2024/11/23 21:52:22.435]x64info: invalid rectangle:-1 -1 -1 -1

[2024/11/23 21:52:23.476]x64info: invalid rectangle:-1 -1 -1 -1

[2024/11/23 21:52:23.893]x64info: invalid rectangle:-1 -1 -1 -1

[2024/11/23 21:52:28.604]x64info: invalid rectangle:-1 -1 -1 -1

[2024/11/23 21:52:29.653]x64info: invalid rectangle:-1 -1 -1 -1

[2024/11/23 21:52:30.055]x64info: invalid rectangle:-1 -1 -1 -1

[2024/11/23 21:52:34.710]x64info: invalid rectangle:-1 -1 -1 -1

[2024/11/23 21:52:35.935]x64info: invalid rectangle:-1 -1 -1 -1

[2024/11/23 21:52:36.341]x64info: invalid rectangle:-1 -1 -1 -1

[2024/11/23 21:52:40.992]x64info: invalid rectangle:-1 -1 -1 -1

[2024/11/23 21:52:42.028]x64info: invalid rectangle:-1 -1 -1 -1

[2024/11/23 21:52:42.444]x64info: invalid rectangle:-1 -1 -1 -1

[2024/11/23 21:52:47.070]x64info: invalid rectangle:-1 -1 -1 -1

[2024/11/23 21:52:48.108]x64info: invalid rectangle:-1 -1 -1 -1

[2024/11/23 21:52:48.525]x64info: invalid rectangle:-1 -1 -1 -1

[2024/11/23 21:52:53.140]x64info: invalid rectangle:-1 -1 -1 -1

[2024/11/23 21:52:54.185]x64info: invalid rectangle:-1 -1 -1 -1

[2024/11/23 21:52:54.590]x64info: invalid rectangle:-1 -1 -1 -1

[2024/11/23 21:52:59.410]x64info: invalid rectangle:-1 -1 -1 -1

[2024/11/23 21:53:01.052]x64info: invalid rectangle:-1 -1 -1 -1

[2024/11/23 21:53:01.457]x64info: invalid rectangle:-1 -1 -1 -1

[2024/11/23 21:53:06.055]x64info: invalid rectangle:-1 -1 -1 -1

[2024/11/23 21:53:07.221]x64info: invalid rectangle:-1 -1 -1 -1

[2024/11/23 21:53:07.623]x64info: invalid rectangle:-1 -1 -1 -1

[2024/11/23 21:56:47.865]x64info: invalid rectangle:-1 -1 -1 -1

[2024/11/23 21:56:48.267]x64info: invalid rectangle:-1 -1 -1 -1

[2024/11/23 21:56:53.214]x64info: invalid rectangle:-1 -1 -1 -1

[2024/11/23 21:56:54.275]x64info: invalid rectangle:-1 -1 -1 -1

[2024/11/23 21:56:54.693]x64info: invalid rectangle:-1 -1 -1 -1

[2024/11/23 21:56:59.292]x64info: invalid rectangle:-1 -1 -1 -1

[2024/11/23 21:57:00.332]x64info: invalid rectangle:-1 -1 -1 -1

[2024/11/23 21:57:00.751]x64info: invalid rectangle:-1 -1 -1 -1

[2024/11/23 21:57:05.392]x64info: invalid rectangle:-1 -1 -1 -1

[2024/11/23 21:57:06.431]x64info: invalid rectangle:-1 -1 -1 -1

[2024/11/23 21:57:06.838]x64info: invalid rectangle:-1 -1 -1 -1

[2024/11/23 21:57:11.476]x64info: invalid rectangle:-1 -1 -1 -1

[2024/11/23 21:57:12.536]x64info: invalid rectangle:-1 -1 -1 -1

[2024/11/23 21:57:12.943]x64info: invalid rectangle:-1 -1 -1 -1

[2024/11/23 21:57:17.575]x64info: invalid rectangle:-1 -1 -1 -1

[2024/11/23 21:57:18.617]x64info: invalid rectangle:-1 -1 -1 -1

[2024/11/23 21:57:19.020]x64info: invalid rectangle:-1 -1 -1 -1

[2024/11/23 21:57:23.649]x64info: invalid rectangle:-1 -1 -1 -1

[2024/11/23 21:57:24.701]x64info: invalid rectangle:-1 -1 -1 -1

[2024/11/23 21:57:25.105]x64info: invalid rectangle:-1 -1 -1 -1

[2024/11/23 21:57:29.724]x64info: invalid rectangle:-1 -1 -1 -1

[2024/11/23 21:57:30.765]x64info: invalid rectangle:-1 -1 -1 -1

[2024/11/23 21:57:31.167]x64info: invalid rectangle:-1 -1 -1 -1

[2024/11/23 21:59:09.381]x64info: invalid rectangle:-1 -1 -1 -1

[2024/11/23 21:59:09.785]x64info: invalid rectangle:-1 -1 -1 -1

[2024/11/23 21:59:14.735]x64info: invalid rectangle:-1 -1 -1 -1

[2024/11/23 21:59:15.793]x64info: invalid rectangle:-1 -1 -1 -1

[2024/11/23 21:59:16.209]x64info: invalid rectangle:-1 -1 -1 -1

[2024/11/23 21:59:20.862]x64info: invalid rectangle:-1 -1 -1 -1

[2024/11/23 21:59:21.905]x64info: invalid rectangle:-1 -1 -1 -1

[2024/11/23 21:59:22.312]x64info: invalid rectangle:-1 -1 -1 -1

[2024/11/23 21:59:26.916]x64info: invalid rectangle:-1 -1 -1 -1

[2024/11/23 21:59:27.958]x64info: invalid rectangle:-1 -1 -1 -1

[2024/11/23 21:59:28.364]x64info: invalid rectangle:-1 -1 -1 -1

[2024/11/23 21:59:33.078]x64info: invalid rectangle:-1 -1 -1 -1

[2024/11/23 21:59:34.119]x64info: invalid rectangle:-1 -1 -1 -1

[2024/11/23 21:59:34.538]x64info: invalid rectangle:-1 -1 -1 -1

[2024/11/23 21:59:39.175]x64info: invalid rectangle:-1 -1 -1 -1

[2024/11/23 21:59:40.232]x64info: invalid rectangle:-1 -1 -1 -1

[2024/11/23 21:59:40.638]x64info: invalid rectangle:-1 -1 -1 -1

[2024/11/23 21:59:45.261]x64info: invalid rectangle:-1 -1 -1 -1

[2024/11/23 21:59:46.301]x64info: invalid rectangle:-1 -1 -1 -1

[2024/11/23 21:59:46.706]x64info: invalid rectangle:-1 -1 -1 -1

[2024/11/23 21:59:51.350]x64info: invalid rectangle:-1 -1 -1 -1

[2024/11/23 21:59:52.391]x64info: invalid rectangle:-1 -1 -1 -1

[2024/11/23 21:59:52.795]x64info: invalid rectangle:-1 -1 -1 -1

[2024/11/23 21:59:57.442]x64info: invalid rectangle:-1 -1 -1 -1

[2024/11/23 21:59:58.487]x64info: invalid rectangle:-1 -1 -1 -1

[2024/11/23 21:59:58.891]x64info: invalid rectangle:-1 -1 -1 -1

[2024/11/23 22:00:03.510]x64info: invalid rectangle:-1 -1 -1 -1

[2024/11/23 22:00:04.572]x64info: invalid rectangle:-1 -1 -1 -1

[2024/11/23 22:00:04.978]x64info: invalid rectangle:-1 -1 -1 -1

[2024/11/23 22:00:09.626]x64info: invalid rectangle:-1 -1 -1 -1

[2024/11/23 22:00:11.121]x64info: invalid rectangle:-1 -1 -1 -1

[2024/11/23 22:00:11.527]x64info: invalid rectangle:-1 -1 -1 -1

[2024/11/29 18:12:37.999]x64info: error requestCapture

[2024/11/29 19:29:58.514]x64info: invalid rectangle:603 694 678 517

[2024/11/29 19:42:04.071]x64info: invalid rectangle:603 694 678 517

[2024/11/29 19:53:21.993]x64info: invalid rectangle:603 694 678 517

[2024/11/29 20:01:13.002]x64info: invalid rectangle:603 694 678 517

[2024/11/29 20:05:56.968]x64info: invalid rectangle:603 694 678 517

